2023-02-15 11:14:18 [[33mwarn[39m] [songs-lib]: [33mLetsMove does not have platform assets![39m
2023-02-15 11:16:33 [[33mwarn[39m] [songs-lib]: [33mLetsMove does not have platform assets![39m
2023-02-15 11:17:10 [[33mwarn[39m] [songs-lib]: [33mLetsMove does not have platform assets![39m
2023-02-15 11:17:22 [[33mwarn[39m] [songs-lib]: [33mLetsMove does not have platform assets![39m
2023-02-15 11:18:20 [[33mwarn[39m] [songs-lib]: [33mLetsMove does not have platform assets![39m
2023-02-15 11:18:27 [[33mwarn[39m] [songs-lib]: [33mLetsMove does not have platform assets![39m
2023-02-15 11:18:35 [[33mwarn[39m] [songs-lib]: [33mLetsMove does not have platform assets![39m
2023-02-15 11:19:33 [[33mwarn[39m] [songs-lib]: [33mLetsMove does not have platform assets![39m
2023-02-15 11:19:51 [[33mwarn[39m] [songs-lib]: [33mLetsMove does not have platform assets![39m
2023-02-15 11:20:26 [[33mwarn[39m] [songs-lib]: [33mLetsMove does not have platform assets![39m
2023-02-15 11:23:00 [[33mwarn[39m] [songs-lib]: [33mLetsMove does not have platform assets![39m
2023-02-15 11:23:06 [[33mwarn[39m] [songs-lib]: [33mLetsMove does not have platform assets![39m
2023-02-15 18:17:40 [[33mwarn[39m] [songs-lib]: [33mChaseTheChance does not have platform assets![39m
2023-02-15 18:57:47 [[33mwarn[39m] [songs-lib]: [33mChaseTheChance does not have platform assets![39m
2023-02-15 19:04:28 [[33mwarn[39m] [songs-lib]: [33mChaseTheChance does not have platform assets![39m
2023-02-15 19:07:01 [[33mwarn[39m] [songs-lib]: [33mChaseTheChance does not have platform assets![39m
2023-02-15 19:07:02 [[33mwarn[39m] [songs-lib]: [33mChaseTheChance does not have platform assets![39m
2023-02-15 19:07:03 [[33mwarn[39m] [songs-lib]: [33mChaseTheChance does not have platform assets![39m
2023-02-15 19:07:03 [[33mwarn[39m] [songs-lib]: [33mChaseTheChance does not have platform assets![39m
2023-02-15 19:38:04 [[33mwarn[39m] [songs-lib]: [33mChaseTheChance does not have platform assets![39m
2023-02-15 19:44:16 [[33mwarn[39m] [songs-lib]: [33mChaseTheChance does not have platform assets![39m
2023-02-15 19:45:17 [[33mwarn[39m] [songs-lib]: [33mChaseTheChance does not have platform assets![39m
2023-02-15 19:45:21 [[33mwarn[39m] [songs-lib]: [33mChaseTheChance does not have platform assets![39m
2023-02-15 19:45:21 [[33mwarn[39m] [songs-lib]: [33mChaseTheChance does not have platform assets![39m
2023-02-16 23:05:48 [[33mwarn[39m] [songs-lib]: [33mChaseTheChance does not have platform assets![39m
2023-02-16 23:05:48 [[33mwarn[39m] [songs-lib]: [33mChaseTheChance does not have platform assets![39m
2023-02-16 23:09:05 [[33mwarn[39m] [songs-lib]: [33mChaseTheChance does not have platform assets![39m
2023-02-16 23:15:40 [[33mwarn[39m] [songs-lib]: [33mChaseTheChance does not have platform assets![39m
2023-02-16 23:58:11 [[33mwarn[39m] [songs-lib]: [33mChaseTheChance does not have platform assets![39m
2023-02-16 23:59:34 [[33mwarn[39m] [songs-lib]: [33mChaseTheChance does not have platform assets![39m
2023-02-17 00:01:00 [[33mwarn[39m] [songs-lib]: [33mChaseTheChance does not have platform assets![39m
2023-02-17 19:32:50 [[33mwarn[39m] [songs-lib]: [33mChaseTheChance does not have platform assets![39m
2023-02-17 19:39:03 [[33mwarn[39m] [songs-lib]: [33mChaseTheChance does not have platform assets![39m
2023-02-18 02:59:44 [[33mwarn[39m] [songs-lib]: [33mChaseTheChance does not have platform assets![39m
2023-02-18 03:16:47 [[33mwarn[39m] [songs-lib]: [33mChaseTheChance does not have platform assets![39m
2023-02-18 03:17:20 [[33mwarn[39m] [songs-lib]: [33mChaseTheChance does not have platform assets![39m
2023-02-18 18:17:42 [[33mwarn[39m] [songs-lib]: [33mChaseTheChance does not have platform assets![39m
2023-02-18 18:18:10 [[33mwarn[39m] [songs-lib]: [33mChaseTheChance does not have platform assets![39m
2023-02-18 18:18:44 [[33mwarn[39m] [songs-lib]: [33mChaseTheChance does not have platform assets![39m
2023-02-18 18:19:06 [[33mwarn[39m] [songs-lib]: [33mChaseTheChance does not have platform assets![39m
2023-02-18 18:19:20 [[33mwarn[39m] [songs-lib]: [33mChaseTheChance does not have platform assets![39m
2023-02-18 18:19:55 [[33mwarn[39m] [songs-lib]: [33mChaseTheChance does not have platform assets![39m
2023-02-18 18:20:01 [[33mwarn[39m] [songs-lib]: [33mChaseTheChance does not have platform assets![39m
2023-02-18 18:20:28 [[33mwarn[39m] [songs-lib]: [33mChaseTheChance does not have platform assets![39m
2023-02-18 18:20:59 [[33mwarn[39m] [songs-lib]: [33mChaseTheChance does not have platform assets![39m
2023-02-18 18:21:27 [[33mwarn[39m] [songs-lib]: [33mChaseTheChance does not have platform assets![39m
2023-02-18 18:21:47 [[33mwarn[39m] [songs-lib]: [33mChaseTheChance does not have platform assets![39m
2023-02-18 18:21:59 [[33mwarn[39m] [songs-lib]: [33mChaseTheChance does not have platform assets![39m
2023-02-18 18:22:27 [[33mwarn[39m] [songs-lib]: [33mChaseTheChance does not have platform assets![39m
2023-02-18 18:22:55 [[33mwarn[39m] [songs-lib]: [33mChaseTheChance does not have platform assets![39m
2023-02-18 18:23:20 [[33mwarn[39m] [songs-lib]: [33mChaseTheChance does not have platform assets![39m
2023-02-18 18:23:53 [[33mwarn[39m] [songs-lib]: [33mChaseTheChance does not have platform assets![39m
2023-02-18 18:24:29 [[33mwarn[39m] [songs-lib]: [33mChaseTheChance does not have platform assets![39m
2023-02-18 18:24:57 [[33mwarn[39m] [songs-lib]: [33mChaseTheChance does not have platform assets![39m
2023-02-18 18:25:25 [[33mwarn[39m] [songs-lib]: [33mChaseTheChance does not have platform assets![39m
2023-02-18 18:25:57 [[33mwarn[39m] [songs-lib]: [33mChaseTheChance does not have platform assets![39m
2023-02-18 18:26:23 [[33mwarn[39m] [songs-lib]: [33mChaseTheChance does not have platform assets![39m
2023-02-18 18:26:45 [[33mwarn[39m] [songs-lib]: [33mChaseTheChance does not have platform assets![39m
2023-02-18 18:26:58 [[33mwarn[39m] [songs-lib]: [33mChaseTheChance does not have platform assets![39m
2023-02-19 12:25:45 [[33mwarn[39m] [songs-lib]: [33mChaseTheChance does not have platform assets![39m
2023-02-19 12:26:03 [[33mwarn[39m] [songs-lib]: [33mChaseTheChance does not have platform assets![39m
2023-02-19 12:26:49 [[33mwarn[39m] [songs-lib]: [33mChaseTheChance does not have platform assets![39m
2023-02-21 22:17:54 [[33mwarn[39m] [songs-lib]: [33mChaseTheChance does not have platform assets![39m
2023-02-21 22:18:08 [[33mwarn[39m] [songs-lib]: [33mChaseTheChance does not have platform assets![39m
2023-02-21 22:18:44 [[33mwarn[39m] [songs-lib]: [33mChaseTheChance does not have platform assets![39m
2023-02-21 22:19:25 [[33mwarn[39m] [songs-lib]: [33mChaseTheChance does not have platform assets![39m
2023-02-21 22:22:04 [[33mwarn[39m] [songs-lib]: [33mChaseTheChance does not have platform assets![39m
2023-02-21 22:32:29 [[33mwarn[39m] [songs-lib]: [33mChaseTheChance does not have platform assets![39m
2023-02-21 22:32:31 [[33mwarn[39m] [songs-lib]: [33mChaseTheChance does not have platform assets![39m
2023-02-21 22:32:54 [[33mwarn[39m] [songs-lib]: [33mChaseTheChance does not have platform assets![39m
2023-02-21 22:47:57 [[33mwarn[39m] [songs-lib]: [33mChaseTheChance does not have platform assets![39m
2023-02-21 22:48:40 [[33mwarn[39m] [songs-lib]: [33mChaseTheChance does not have platform assets![39m
2023-02-21 22:48:53 [[33mwarn[39m] [songs-lib]: [33mChaseTheChance does not have platform assets![39m
2023-02-21 22:50:20 [[33mwarn[39m] [songs-lib]: [33mChaseTheChance does not have platform assets![39m
2023-02-21 22:50:52 [[33mwarn[39m] [songs-lib]: [33mChaseTheChance does not have platform assets![39m
2023-02-21 23:06:50 [[33mwarn[39m] [songs-lib]: [33mAllIWant does not have platform assets![39m
2023-02-21 23:06:50 [[33mwarn[39m] [songs-lib]: [33mChaseTheChance does not have platform assets![39m
2023-02-21 23:12:20 [[33mwarn[39m] [songs-lib]: [33mAllIWant does not have platform assets![39m
2023-02-21 23:12:20 [[33mwarn[39m] [songs-lib]: [33mChaseTheChance does not have platform assets![39m
2023-02-22 00:55:14 [[33mwarn[39m] [songs-lib]: [33mAllIWant does not have platform assets![39m
2023-02-22 00:55:14 [[33mwarn[39m] [songs-lib]: [33mChaseTheChance does not have platform assets![39m
2023-02-22 16:12:07 [[33mwarn[39m] [songs-lib]: [33mAllIWant does not have platform assets![39m
2023-02-22 16:12:07 [[33mwarn[39m] [songs-lib]: [33mChaseTheChance does not have platform assets![39m
2023-02-22 16:12:07 [[33mwarn[39m] [songs-lib]: [33mDrum does not have platform assets![39m
2023-02-22 16:13:07 [[33mwarn[39m] [songs-lib]: [33mAllIWant does not have platform assets![39m
2023-02-22 16:13:07 [[33mwarn[39m] [songs-lib]: [33mChaseTheChance does not have platform assets![39m
2023-02-22 16:13:07 [[33mwarn[39m] [songs-lib]: [33mDrum does not have platform assets![39m
2023-02-22 16:15:27 [[33mwarn[39m] [songs-lib]: [33mAllIWant does not have platform assets![39m
2023-02-22 16:15:27 [[33mwarn[39m] [songs-lib]: [33mChaseTheChance does not have platform assets![39m
2023-02-22 16:15:27 [[33mwarn[39m] [songs-lib]: [33mDrum does not have platform assets![39m
2023-02-22 16:55:55 [[33mwarn[39m] [songs-lib]: [33mAllIWant does not have platform assets![39m
2023-02-22 16:55:55 [[33mwarn[39m] [songs-lib]: [33mChaseTheChance does not have platform assets![39m
2023-02-22 16:55:55 [[33mwarn[39m] [songs-lib]: [33mDrum does not have platform assets![39m
2023-02-22 17:01:38 [[33mwarn[39m] [songs-lib]: [33mAllIWant does not have platform assets![39m
2023-02-22 17:01:38 [[33mwarn[39m] [songs-lib]: [33mChaseTheChance does not have platform assets![39m
2023-02-22 17:01:38 [[33mwarn[39m] [songs-lib]: [33mDrum does not have platform assets![39m
2023-02-22 17:02:06 [[33mwarn[39m] [songs-lib]: [33mAllIWant does not have platform assets![39m
2023-02-22 17:02:06 [[33mwarn[39m] [songs-lib]: [33mChaseTheChance does not have platform assets![39m
2023-02-22 17:02:06 [[33mwarn[39m] [songs-lib]: [33mDrum does not have platform assets![39m
2023-02-22 17:02:38 [[33mwarn[39m] [songs-lib]: [33mAllIWant does not have platform assets![39m
2023-02-22 17:02:38 [[33mwarn[39m] [songs-lib]: [33mChaseTheChance does not have platform assets![39m
2023-02-22 17:02:38 [[33mwarn[39m] [songs-lib]: [33mDrum does not have platform assets![39m
2023-02-22 17:03:03 [[33mwarn[39m] [songs-lib]: [33mAllIWant does not have platform assets![39m
2023-02-22 17:03:03 [[33mwarn[39m] [songs-lib]: [33mChaseTheChance does not have platform assets![39m
2023-02-22 17:03:03 [[33mwarn[39m] [songs-lib]: [33mDrum does not have platform assets![39m
2023-02-22 17:03:25 [[33mwarn[39m] [songs-lib]: [33mAllIWant does not have platform assets![39m
2023-02-22 17:03:25 [[33mwarn[39m] [songs-lib]: [33mChaseTheChance does not have platform assets![39m
2023-02-22 17:03:25 [[33mwarn[39m] [songs-lib]: [33mDrum does not have platform assets![39m
2023-02-22 17:03:57 [[33mwarn[39m] [songs-lib]: [33mAllIWant does not have platform assets![39m
2023-02-22 17:03:57 [[33mwarn[39m] [songs-lib]: [33mChaseTheChance does not have platform assets![39m
2023-02-22 17:03:57 [[33mwarn[39m] [songs-lib]: [33mDrum does not have platform assets![39m
2023-02-22 17:28:18 [[33mwarn[39m] [songs-lib]: [33mAllIWant does not have platform assets![39m
2023-02-22 17:28:18 [[33mwarn[39m] [songs-lib]: [33mChaseTheChance does not have platform assets![39m
2023-02-22 17:28:18 [[33mwarn[39m] [songs-lib]: [33mDrum does not have platform assets![39m
2023-02-22 17:31:26 [[33mwarn[39m] [songs-lib]: [33mAllIWant does not have platform assets![39m
2023-02-22 17:31:26 [[33mwarn[39m] [songs-lib]: [33mChaseTheChance does not have platform assets![39m
2023-02-22 17:31:26 [[33mwarn[39m] [songs-lib]: [33mDrum does not have platform assets![39m
2023-02-22 17:35:00 [[33mwarn[39m] [songs-lib]: [33mAllIWant does not have platform assets![39m
2023-02-22 17:35:00 [[33mwarn[39m] [songs-lib]: [33mChaseTheChance does not have platform assets![39m
2023-02-22 17:35:00 [[33mwarn[39m] [songs-lib]: [33mDrum does not have platform assets![39m
2023-02-22 17:35:20 [[33mwarn[39m] [songs-lib]: [33mAllIWant does not have platform assets![39m
2023-02-22 17:35:20 [[33mwarn[39m] [songs-lib]: [33mChaseTheChance does not have platform assets![39m
2023-02-22 17:35:20 [[33mwarn[39m] [songs-lib]: [33mDrum does not have platform assets![39m
2023-02-22 17:35:34 [[33mwarn[39m] [songs-lib]: [33mAllIWant does not have platform assets![39m
2023-02-22 17:35:34 [[33mwarn[39m] [songs-lib]: [33mChaseTheChance does not have platform assets![39m
2023-02-22 17:35:34 [[33mwarn[39m] [songs-lib]: [33mDrum does not have platform assets![39m
2023-02-22 17:36:32 [[33mwarn[39m] [songs-lib]: [33mAllIWant does not have platform assets![39m
2023-02-22 17:36:32 [[33mwarn[39m] [songs-lib]: [33mChaseTheChance does not have platform assets![39m
2023-02-22 17:36:32 [[33mwarn[39m] [songs-lib]: [33mDrum does not have platform assets![39m
2023-02-22 17:36:46 [[33mwarn[39m] [songs-lib]: [33mAllIWant does not have platform assets![39m
2023-02-22 17:36:46 [[33mwarn[39m] [songs-lib]: [33mChaseTheChance does not have platform assets![39m
2023-02-22 17:36:46 [[33mwarn[39m] [songs-lib]: [33mDrum does not have platform assets![39m
2023-02-22 17:37:14 [[33mwarn[39m] [songs-lib]: [33mAllIWant does not have platform assets![39m
2023-02-22 17:37:14 [[33mwarn[39m] [songs-lib]: [33mChaseTheChance does not have platform assets![39m
2023-02-22 17:37:14 [[33mwarn[39m] [songs-lib]: [33mDrum does not have platform assets![39m
2023-02-22 17:37:56 [[33mwarn[39m] [songs-lib]: [33mAllIWant does not have platform assets![39m
2023-02-22 17:37:56 [[33mwarn[39m] [songs-lib]: [33mChaseTheChance does not have platform assets![39m
2023-02-22 17:37:56 [[33mwarn[39m] [songs-lib]: [33mDrum does not have platform assets![39m
2023-02-22 17:38:58 [[33mwarn[39m] [songs-lib]: [33mAllIWant does not have platform assets![39m
2023-02-22 17:38:58 [[33mwarn[39m] [songs-lib]: [33mChaseTheChance does not have platform assets![39m
2023-02-22 17:38:58 [[33mwarn[39m] [songs-lib]: [33mDrum does not have platform assets![39m
2023-02-22 17:43:07 [[33mwarn[39m] [songs-lib]: [33mAllIWant does not have platform assets![39m
2023-02-22 17:43:07 [[33mwarn[39m] [songs-lib]: [33mChaseTheChance does not have platform assets![39m
2023-02-22 17:43:07 [[33mwarn[39m] [songs-lib]: [33mDrum does not have platform assets![39m
2023-02-22 17:43:23 [[33mwarn[39m] [songs-lib]: [33mAllIWant does not have platform assets![39m
2023-02-22 17:43:23 [[33mwarn[39m] [songs-lib]: [33mChaseTheChance does not have platform assets![39m
2023-02-22 17:43:23 [[33mwarn[39m] [songs-lib]: [33mDrum does not have platform assets![39m
2023-02-22 17:43:40 [[33mwarn[39m] [songs-lib]: [33mAllIWant does not have platform assets![39m
2023-02-22 17:43:40 [[33mwarn[39m] [songs-lib]: [33mChaseTheChance does not have platform assets![39m
2023-02-22 17:43:40 [[33mwarn[39m] [songs-lib]: [33mDrum does not have platform assets![39m
2023-02-22 17:49:02 [[33mwarn[39m] [songs-lib]: [33mAllIWant does not have platform assets![39m
2023-02-22 17:49:02 [[33mwarn[39m] [songs-lib]: [33mChaseTheChance does not have platform assets![39m
2023-02-22 17:49:02 [[33mwarn[39m] [songs-lib]: [33mDrum does not have platform assets![39m
2023-02-22 17:50:02 [[33mwarn[39m] [songs-lib]: [33mAllIWant does not have platform assets![39m
2023-02-22 17:50:02 [[33mwarn[39m] [songs-lib]: [33mChaseTheChance does not have platform assets![39m
2023-02-22 17:50:02 [[33mwarn[39m] [songs-lib]: [33mDrum does not have platform assets![39m
2023-02-22 17:52:06 [[33mwarn[39m] [songs-lib]: [33mAllIWant does not have platform assets![39m
2023-02-22 17:52:06 [[33mwarn[39m] [songs-lib]: [33mChaseTheChance does not have platform assets![39m
2023-02-22 17:52:06 [[33mwarn[39m] [songs-lib]: [33mDrum does not have platform assets![39m
2023-02-22 17:54:41 [[33mwarn[39m] [songs-lib]: [33mAllIWant does not have platform assets![39m
2023-02-22 17:54:41 [[33mwarn[39m] [songs-lib]: [33mChaseTheChance does not have platform assets![39m
2023-02-22 17:54:41 [[33mwarn[39m] [songs-lib]: [33mDrum does not have platform assets![39m
2023-02-22 17:54:55 [[33mwarn[39m] [songs-lib]: [33mAllIWant does not have platform assets![39m
2023-02-22 17:54:55 [[33mwarn[39m] [songs-lib]: [33mChaseTheChance does not have platform assets![39m
2023-02-22 17:54:55 [[33mwarn[39m] [songs-lib]: [33mDrum does not have platform assets![39m
2023-02-22 17:57:49 [[33mwarn[39m] [songs-lib]: [33mAllIWant does not have platform assets![39m
2023-02-22 17:57:49 [[33mwarn[39m] [songs-lib]: [33mChaseTheChance does not have platform assets![39m
2023-02-22 17:57:49 [[33mwarn[39m] [songs-lib]: [33mDrum does not have platform assets![39m
2023-02-22 17:59:36 [[33mwarn[39m] [songs-lib]: [33mAllIWant does not have platform assets![39m
2023-02-22 17:59:36 [[33mwarn[39m] [songs-lib]: [33mChaseTheChance does not have platform assets![39m
2023-02-22 17:59:36 [[33mwarn[39m] [songs-lib]: [33mDrum does not have platform assets![39m
2023-02-22 18:01:00 [[33mwarn[39m] [songs-lib]: [33mAllIWant does not have platform assets![39m
2023-02-22 18:01:00 [[33mwarn[39m] [songs-lib]: [33mChaseTheChance does not have platform assets![39m
2023-02-22 18:01:00 [[33mwarn[39m] [songs-lib]: [33mDrum does not have platform assets![39m
2023-02-22 18:04:36 [[33mwarn[39m] [songs-lib]: [33mAllIWant does not have platform assets![39m
2023-02-22 18:04:36 [[33mwarn[39m] [songs-lib]: [33mChaseTheChance does not have platform assets![39m
2023-02-22 18:04:36 [[33mwarn[39m] [songs-lib]: [33mDrum does not have platform assets![39m
2023-02-22 18:08:24 [[33mwarn[39m] [songs-lib]: [33mAllIWant does not have platform assets![39m
2023-02-22 18:08:24 [[33mwarn[39m] [songs-lib]: [33mChaseTheChance does not have platform assets![39m
2023-02-22 18:08:24 [[33mwarn[39m] [songs-lib]: [33mDrum does not have platform assets![39m
2023-02-22 18:11:15 [[33mwarn[39m] [songs-lib]: [33mAllIWant does not have platform assets![39m
2023-02-22 18:11:15 [[33mwarn[39m] [songs-lib]: [33mChaseTheChance does not have platform assets![39m
2023-02-22 18:11:15 [[33mwarn[39m] [songs-lib]: [33mDrum does not have platform assets![39m
2023-02-22 18:11:23 [[33mwarn[39m] [songs-lib]: [33mAllIWant does not have platform assets![39m
2023-02-22 18:11:23 [[33mwarn[39m] [songs-lib]: [33mChaseTheChance does not have platform assets![39m
2023-02-22 18:11:23 [[33mwarn[39m] [songs-lib]: [33mDrum does not have platform assets![39m
2023-02-22 18:23:04 [[33mwarn[39m] [songs-lib]: [33mAllIWant does not have platform assets![39m
2023-02-22 18:23:04 [[33mwarn[39m] [songs-lib]: [33mChaseTheChance does not have platform assets![39m
2023-02-22 18:23:04 [[33mwarn[39m] [songs-lib]: [33mDrum does not have platform assets![39m
2023-02-22 18:23:40 [[33mwarn[39m] [songs-lib]: [33mAllIWant does not have platform assets![39m
2023-02-22 18:23:40 [[33mwarn[39m] [songs-lib]: [33mChaseTheChance does not have platform assets![39m
2023-02-22 18:23:40 [[33mwarn[39m] [songs-lib]: [33mDrum does not have platform assets![39m
2023-02-22 18:25:03 [[33mwarn[39m] [songs-lib]: [33mAllIWant does not have platform assets![39m
2023-02-22 18:25:03 [[33mwarn[39m] [songs-lib]: [33mChaseTheChance does not have platform assets![39m
2023-02-22 18:25:03 [[33mwarn[39m] [songs-lib]: [33mDrum does not have platform assets![39m
2023-02-22 18:25:24 [[33mwarn[39m] [songs-lib]: [33mAllIWant does not have platform assets![39m
2023-02-22 18:25:24 [[33mwarn[39m] [songs-lib]: [33mChaseTheChance does not have platform assets![39m
2023-02-22 18:25:24 [[33mwarn[39m] [songs-lib]: [33mDrum does not have platform assets![39m
2023-02-22 18:25:57 [[33mwarn[39m] [songs-lib]: [33mAllIWant does not have platform assets![39m
2023-02-22 18:25:57 [[33mwarn[39m] [songs-lib]: [33mChaseTheChance does not have platform assets![39m
2023-02-22 18:25:57 [[33mwarn[39m] [songs-lib]: [33mDrum does not have platform assets![39m
2023-02-22 18:26:28 [[33mwarn[39m] [songs-lib]: [33mAllIWant does not have platform assets![39m
2023-02-22 18:26:28 [[33mwarn[39m] [songs-lib]: [33mChaseTheChance does not have platform assets![39m
2023-02-22 18:26:28 [[33mwarn[39m] [songs-lib]: [33mDrum does not have platform assets![39m
2023-02-22 18:26:37 [[33mwarn[39m] [songs-lib]: [33mAllIWant does not have platform assets![39m
2023-02-22 18:26:37 [[33mwarn[39m] [songs-lib]: [33mChaseTheChance does not have platform assets![39m
2023-02-22 18:26:37 [[33mwarn[39m] [songs-lib]: [33mDrum does not have platform assets![39m
2023-02-22 18:26:56 [[33mwarn[39m] [songs-lib]: [33mAllIWant does not have platform assets![39m
2023-02-22 18:26:56 [[33mwarn[39m] [songs-lib]: [33mChaseTheChance does not have platform assets![39m
2023-02-22 18:26:56 [[33mwarn[39m] [songs-lib]: [33mDrum does not have platform assets![39m
2023-02-22 18:29:58 [[33mwarn[39m] [songs-lib]: [33mAllIWant does not have platform assets![39m
2023-02-22 18:29:58 [[33mwarn[39m] [songs-lib]: [33mChaseTheChance does not have platform assets![39m
2023-02-22 18:29:58 [[33mwarn[39m] [songs-lib]: [33mDrum does not have platform assets![39m
2023-02-22 18:35:20 [[33mwarn[39m] [songs-lib]: [33mAllIWant does not have platform assets![39m
2023-02-22 18:35:20 [[33mwarn[39m] [songs-lib]: [33mChaseTheChance does not have platform assets![39m
2023-02-22 18:35:20 [[33mwarn[39m] [songs-lib]: [33mDrum does not have platform assets![39m
2023-02-22 18:36:13 [[33mwarn[39m] [songs-lib]: [33mAllIWant does not have platform assets![39m
2023-02-22 18:36:13 [[33mwarn[39m] [songs-lib]: [33mChaseTheChance does not have platform assets![39m
2023-02-22 18:36:13 [[33mwarn[39m] [songs-lib]: [33mDrum does not have platform assets![39m
2023-02-22 18:38:38 [[33mwarn[39m] [songs-lib]: [33mAllIWant does not have platform assets![39m
2023-02-22 18:38:38 [[33mwarn[39m] [songs-lib]: [33mChaseTheChance does not have platform assets![39m
2023-02-22 18:38:38 [[33mwarn[39m] [songs-lib]: [33mDrum does not have platform assets![39m
2023-02-22 18:39:44 [[33mwarn[39m] [songs-lib]: [33mAllIWant does not have platform assets![39m
2023-02-22 18:39:44 [[33mwarn[39m] [songs-lib]: [33mChaseTheChance does not have platform assets![39m
2023-02-22 18:39:44 [[33mwarn[39m] [songs-lib]: [33mDrum does not have platform assets![39m
2023-02-22 18:40:36 [[33mwarn[39m] [songs-lib]: [33mAllIWant does not have platform assets![39m
2023-02-22 18:40:36 [[33mwarn[39m] [songs-lib]: [33mChaseTheChance does not have platform assets![39m
2023-02-22 18:40:36 [[33mwarn[39m] [songs-lib]: [33mDrum does not have platform assets![39m
2023-02-22 18:47:50 [[33mwarn[39m] [songs-lib]: [33mAllIWant does not have platform assets![39m
2023-02-22 18:47:50 [[33mwarn[39m] [songs-lib]: [33mChaseTheChance does not have platform assets![39m
2023-02-22 18:47:50 [[33mwarn[39m] [songs-lib]: [33mDrum does not have platform assets![39m
2023-02-22 18:48:33 [[33mwarn[39m] [songs-lib]: [33mAllIWant does not have platform assets![39m
2023-02-22 18:48:33 [[33mwarn[39m] [songs-lib]: [33mChaseTheChance does not have platform assets![39m
2023-02-22 18:48:33 [[33mwarn[39m] [songs-lib]: [33mDrum does not have platform assets![39m
2023-02-22 18:51:24 [[33mwarn[39m] [songs-lib]: [33mAllIWant does not have platform assets![39m
2023-02-22 18:51:24 [[33mwarn[39m] [songs-lib]: [33mChaseTheChance does not have platform assets![39m
2023-02-22 18:51:24 [[33mwarn[39m] [songs-lib]: [33mDrum does not have platform assets![39m
2023-02-22 18:52:00 [[33mwarn[39m] [songs-lib]: [33mAllIWant does not have platform assets![39m
2023-02-22 18:52:00 [[33mwarn[39m] [songs-lib]: [33mChaseTheChance does not have platform assets![39m
2023-02-22 18:52:00 [[33mwarn[39m] [songs-lib]: [33mDrum does not have platform assets![39m
2023-02-22 18:53:57 [[33mwarn[39m] [songs-lib]: [33mAllIWant does not have platform assets![39m
2023-02-22 18:53:57 [[33mwarn[39m] [songs-lib]: [33mChaseTheChance does not have platform assets![39m
2023-02-22 18:53:57 [[33mwarn[39m] [songs-lib]: [33mDrum does not have platform assets![39m
2023-02-22 18:54:37 [[33mwarn[39m] [songs-lib]: [33mAllIWant does not have platform assets![39m
2023-02-22 18:54:37 [[33mwarn[39m] [songs-lib]: [33mChaseTheChance does not have platform assets![39m
2023-02-22 18:54:37 [[33mwarn[39m] [songs-lib]: [33mDrum does not have platform assets![39m
2023-02-22 22:43:50 [[33mwarn[39m] [songs-lib]: [33mAllIWant does not have platform assets![39m
2023-02-22 22:43:50 [[33mwarn[39m] [songs-lib]: [33mChaseTheChance does not have platform assets![39m
2023-02-22 22:43:50 [[33mwarn[39m] [songs-lib]: [33mDrum does not have platform assets![39m
2023-02-22 22:45:28 [[33mwarn[39m] [songs-lib]: [33mAllIWant does not have platform assets![39m
2023-02-22 22:45:28 [[33mwarn[39m] [songs-lib]: [33mChaseTheChance does not have platform assets![39m
2023-02-22 22:45:28 [[33mwarn[39m] [songs-lib]: [33mDrum does not have platform assets![39m
2023-02-23 07:57:26 [[33mwarn[39m] [songs-lib]: [33mAllIWant does not have platform assets![39m
2023-02-23 07:57:26 [[33mwarn[39m] [songs-lib]: [33mChaseTheChance does not have platform assets![39m
2023-02-23 07:57:26 [[33mwarn[39m] [songs-lib]: [33mDrum does not have platform assets![39m
2023-02-23 07:58:08 [[33mwarn[39m] [songs-lib]: [33mAllIWant does not have platform assets![39m
2023-02-23 07:58:08 [[33mwarn[39m] [songs-lib]: [33mChaseTheChance does not have platform assets![39m
2023-02-23 07:58:08 [[33mwarn[39m] [songs-lib]: [33mDrum does not have platform assets![39m
2023-02-23 07:58:42 [[33mwarn[39m] [songs-lib]: [33mAllIWant does not have platform assets![39m
2023-02-23 07:58:42 [[33mwarn[39m] [songs-lib]: [33mChaseTheChance does not have platform assets![39m
2023-02-23 07:58:42 [[33mwarn[39m] [songs-lib]: [33mDrum does not have platform assets![39m
2023-02-23 07:59:42 [[33mwarn[39m] [songs-lib]: [33mAllIWant does not have platform assets![39m
2023-02-23 07:59:42 [[33mwarn[39m] [songs-lib]: [33mChaseTheChance does not have platform assets![39m
2023-02-23 07:59:42 [[33mwarn[39m] [songs-lib]: [33mDrum does not have platform assets![39m
2023-02-23 07:59:50 [[33mwarn[39m] [songs-lib]: [33mAllIWant does not have platform assets![39m
2023-02-23 07:59:50 [[33mwarn[39m] [songs-lib]: [33mChaseTheChance does not have platform assets![39m
2023-02-23 07:59:51 [[33mwarn[39m] [songs-lib]: [33mDrum does not have platform assets![39m
2023-02-23 08:02:41 [[33mwarn[39m] [songs-lib]: [33mAllIWant does not have platform assets![39m
2023-02-23 08:02:41 [[33mwarn[39m] [songs-lib]: [33mChaseTheChance does not have platform assets![39m
2023-02-23 08:02:41 [[33mwarn[39m] [songs-lib]: [33mDrum does not have platform assets![39m
2023-02-23 08:03:41 [[33mwarn[39m] [songs-lib]: [33mAllIWant does not have platform assets![39m
2023-02-23 08:03:41 [[33mwarn[39m] [songs-lib]: [33mChaseTheChance does not have platform assets![39m
2023-02-23 08:03:41 [[33mwarn[39m] [songs-lib]: [33mDrum does not have platform assets![39m
2023-02-23 08:03:46 [[33mwarn[39m] [songs-lib]: [33mAllIWant does not have platform assets![39m
2023-02-23 08:03:46 [[33mwarn[39m] [songs-lib]: [33mChaseTheChance does not have platform assets![39m
2023-02-23 08:03:46 [[33mwarn[39m] [songs-lib]: [33mDrum does not have platform assets![39m
2023-02-23 08:04:32 [[33mwarn[39m] [songs-lib]: [33mAllIWant does not have platform assets![39m
2023-02-23 08:04:32 [[33mwarn[39m] [songs-lib]: [33mChaseTheChance does not have platform assets![39m
2023-02-23 08:04:32 [[33mwarn[39m] [songs-lib]: [33mDrum does not have platform assets![39m
2023-02-23 08:04:44 [[33mwarn[39m] [songs-lib]: [33mAllIWant does not have platform assets![39m
2023-02-23 08:04:44 [[33mwarn[39m] [songs-lib]: [33mChaseTheChance does not have platform assets![39m
2023-02-23 08:04:44 [[33mwarn[39m] [songs-lib]: [33mDrum does not have platform assets![39m
2023-02-23 08:05:44 [[33mwarn[39m] [songs-lib]: [33mAllIWant does not have platform assets![39m
2023-02-23 08:05:44 [[33mwarn[39m] [songs-lib]: [33mChaseTheChance does not have platform assets![39m
2023-02-23 08:05:44 [[33mwarn[39m] [songs-lib]: [33mDrum does not have platform assets![39m
2023-02-23 08:16:29 [[33mwarn[39m] [songs-lib]: [33mAllIWant does not have platform assets![39m
2023-02-23 08:16:29 [[33mwarn[39m] [songs-lib]: [33mChaseTheChance does not have platform assets![39m
2023-02-23 08:16:29 [[33mwarn[39m] [songs-lib]: [33mDrum does not have platform assets![39m
2023-02-23 08:19:48 [[33mwarn[39m] [songs-lib]: [33mAllIWant does not have platform assets![39m
2023-02-23 08:19:48 [[33mwarn[39m] [songs-lib]: [33mChaseTheChance does not have platform assets![39m
2023-02-23 08:19:48 [[33mwarn[39m] [songs-lib]: [33mDrum does not have platform assets![39m
2023-02-23 08:30:38 [[33mwarn[39m] [songs-lib]: [33mAllIWant does not have platform assets![39m
2023-02-23 08:30:38 [[33mwarn[39m] [songs-lib]: [33mChaseTheChance does not have platform assets![39m
2023-02-23 08:30:38 [[33mwarn[39m] [songs-lib]: [33mDrum does not have platform assets![39m
2023-02-23 08:32:10 [[33mwarn[39m] [songs-lib]: [33mAllIWant does not have platform assets![39m
2023-02-23 08:32:10 [[33mwarn[39m] [songs-lib]: [33mChaseTheChance does not have platform assets![39m
2023-02-23 08:32:10 [[33mwarn[39m] [songs-lib]: [33mDrum does not have platform assets![39m
2023-02-23 08:33:49 [[33mwarn[39m] [songs-lib]: [33mAllIWant does not have platform assets![39m
2023-02-23 08:33:49 [[33mwarn[39m] [songs-lib]: [33mChaseTheChance does not have platform assets![39m
2023-02-23 08:33:49 [[33mwarn[39m] [songs-lib]: [33mDrum does not have platform assets![39m
2023-02-23 10:10:34 [[33mwarn[39m] [songs-lib]: [33mAllIWant does not have platform assets![39m
2023-02-23 10:10:34 [[33mwarn[39m] [songs-lib]: [33mChaseTheChance does not have platform assets![39m
2023-02-23 10:10:34 [[33mwarn[39m] [songs-lib]: [33mDrum does not have platform assets![39m
2023-02-23 10:11:41 [[33mwarn[39m] [songs-lib]: [33mAllIWant does not have platform assets![39m
2023-02-23 10:11:41 [[33mwarn[39m] [songs-lib]: [33mChaseTheChance does not have platform assets![39m
2023-02-23 10:11:41 [[33mwarn[39m] [songs-lib]: [33mDrum does not have platform assets![39m
2023-02-23 10:45:24 [[33mwarn[39m] [songs-lib]: [33mAllIWant does not have platform assets![39m
2023-02-23 10:45:24 [[33mwarn[39m] [songs-lib]: [33mChaseTheChance does not have platform assets![39m
2023-02-23 10:45:24 [[33mwarn[39m] [songs-lib]: [33mDrum does not have platform assets![39m
2023-02-23 10:45:51 [[33mwarn[39m] [songs-lib]: [33mAllIWant does not have platform assets![39m
2023-02-23 10:45:51 [[33mwarn[39m] [songs-lib]: [33mChaseTheChance does not have platform assets![39m
2023-02-23 10:45:51 [[33mwarn[39m] [songs-lib]: [33mDrum does not have platform assets![39m
2023-02-23 10:46:43 [[33mwarn[39m] [songs-lib]: [33mAllIWant does not have platform assets![39m
2023-02-23 10:46:43 [[33mwarn[39m] [songs-lib]: [33mChaseTheChance does not have platform assets![39m
2023-02-23 10:46:43 [[33mwarn[39m] [songs-lib]: [33mDrum does not have platform assets![39m
2023-02-24 04:13:03 [[33mwarn[39m] [songs-lib]: [33mAllIWant does not have platform assets![39m
2023-02-24 04:13:03 [[33mwarn[39m] [songs-lib]: [33mChaseTheChance does not have platform assets![39m
2023-02-24 04:13:03 [[33mwarn[39m] [songs-lib]: [33mDrum does not have platform assets![39m
2023-02-24 04:15:04 [[33mwarn[39m] [songs-lib]: [33mAllIWant does not have platform assets![39m
2023-02-24 04:15:04 [[33mwarn[39m] [songs-lib]: [33mChaseTheChance does not have platform assets![39m
2023-02-24 04:15:04 [[33mwarn[39m] [songs-lib]: [33mDrum does not have platform assets![39m
2023-02-24 04:50:22 [[33mwarn[39m] [songs-lib]: [33mAllIWant does not have platform assets![39m
2023-02-24 04:50:22 [[33mwarn[39m] [songs-lib]: [33mChaseTheChance does not have platform assets![39m
2023-02-24 04:50:22 [[33mwarn[39m] [songs-lib]: [33mDrum does not have platform assets![39m
2023-02-24 04:51:09 [[33mwarn[39m] [songs-lib]: [33mAllIWant does not have platform assets![39m
2023-02-24 04:51:09 [[33mwarn[39m] [songs-lib]: [33mChaseTheChance does not have platform assets![39m
2023-02-24 04:51:09 [[33mwarn[39m] [songs-lib]: [33mDrum does not have platform assets![39m
2023-02-24 08:12:25 [[33mwarn[39m] [songs-lib]: [33mAllIWant does not have platform assets![39m
2023-02-24 08:19:55 [[33mwarn[39m] [songs-lib]: [33mAllIWant does not have platform assets![39m
2023-02-24 08:19:55 [[33mwarn[39m] [songs-lib]: [33mChaseTheChance does not have platform assets![39m
2023-02-24 08:19:55 [[33mwarn[39m] [songs-lib]: [33mDrum does not have platform assets![39m
2023-02-24 08:20:27 [[33mwarn[39m] [songs-lib]: [33mAllIWant does not have platform assets![39m
2023-02-24 08:20:27 [[33mwarn[39m] [songs-lib]: [33mChaseTheChance does not have platform assets![39m
2023-02-24 08:20:27 [[33mwarn[39m] [songs-lib]: [33mDrum does not have platform assets![39m
2023-02-24 08:21:16 [[33mwarn[39m] [songs-lib]: [33mAllIWant does not have platform assets![39m
2023-02-24 08:21:16 [[33mwarn[39m] [songs-lib]: [33mChaseTheChance does not have platform assets![39m
2023-02-24 08:21:16 [[33mwarn[39m] [songs-lib]: [33mDrum does not have platform assets![39m
2023-02-24 08:21:56 [[33mwarn[39m] [songs-lib]: [33mAllIWant does not have platform assets![39m
2023-02-24 08:21:56 [[33mwarn[39m] [songs-lib]: [33mChaseTheChance does not have platform assets![39m
2023-02-24 08:21:56 [[33mwarn[39m] [songs-lib]: [33mDrum does not have platform assets![39m
2023-02-24 08:23:09 [[33mwarn[39m] [songs-lib]: [33mAllIWant does not have platform assets![39m
2023-02-24 08:23:09 [[33mwarn[39m] [songs-lib]: [33mChaseTheChance does not have platform assets![39m
2023-02-24 08:23:09 [[33mwarn[39m] [songs-lib]: [33mDrum does not have platform assets![39m
2023-02-24 18:10:49 [[33mwarn[39m] [songs-lib]: [33mAllIWant does not have platform assets![39m
2023-02-24 18:10:49 [[33mwarn[39m] [songs-lib]: [33mChaseTheChance does not have platform assets![39m
2023-02-24 18:10:49 [[33mwarn[39m] [songs-lib]: [33mDrum does not have platform assets![39m
2023-02-24 18:11:29 [[33mwarn[39m] [songs-lib]: [33mAllIWant does not have platform assets![39m
2023-02-24 18:11:29 [[33mwarn[39m] [songs-lib]: [33mChaseTheChance does not have platform assets![39m
2023-02-24 18:11:29 [[33mwarn[39m] [songs-lib]: [33mDrum does not have platform assets![39m
2023-02-24 18:13:20 [[33mwarn[39m] [songs-lib]: [33mAllIWant does not have platform assets![39m
2023-02-24 18:13:20 [[33mwarn[39m] [songs-lib]: [33mChaseTheChance does not have platform assets![39m
2023-02-24 18:13:20 [[33mwarn[39m] [songs-lib]: [33mDrum does not have platform assets![39m
2023-02-28 21:37:34 [[33mwarn[39m] [songs-lib]: [33mAllIWant does not have platform assets![39m
2023-02-28 21:37:34 [[33mwarn[39m] [songs-lib]: [33mChaseTheChance does not have platform assets![39m
2023-02-28 21:37:34 [[33mwarn[39m] [songs-lib]: [33mDrum does not have platform assets![39m
2023-02-28 21:38:27 [[33mwarn[39m] [songs-lib]: [33mAllIWant does not have platform assets![39m
2023-02-28 21:38:27 [[33mwarn[39m] [songs-lib]: [33mChaseTheChance does not have platform assets![39m
2023-02-28 21:38:27 [[33mwarn[39m] [songs-lib]: [33mDrum does not have platform assets![39m
2023-02-28 21:41:52 [[33mwarn[39m] [songs-lib]: [33mAllIWant does not have platform assets![39m
2023-02-28 21:41:52 [[33mwarn[39m] [songs-lib]: [33mChaseTheChance does not have platform assets![39m
2023-02-28 21:41:52 [[33mwarn[39m] [songs-lib]: [33mDrum does not have platform assets![39m
2023-02-28 21:43:38 [[33mwarn[39m] [songs-lib]: [33mAllIWant does not have platform assets![39m
2023-02-28 21:43:38 [[33mwarn[39m] [songs-lib]: [33mChaseTheChance does not have platform assets![39m
2023-02-28 21:43:38 [[33mwarn[39m] [songs-lib]: [33mDrum does not have platform assets![39m
2023-02-28 21:45:35 [[33mwarn[39m] [songs-lib]: [33mAllIWant does not have platform assets![39m
2023-02-28 21:45:35 [[33mwarn[39m] [songs-lib]: [33mChaseTheChance does not have platform assets![39m
2023-02-28 21:45:35 [[33mwarn[39m] [songs-lib]: [33mDrum does not have platform assets![39m
2023-02-28 21:46:14 [[33mwarn[39m] [songs-lib]: [33mAllIWant does not have platform assets![39m
2023-02-28 21:46:14 [[33mwarn[39m] [songs-lib]: [33mChaseTheChance does not have platform assets![39m
2023-02-28 21:46:14 [[33mwarn[39m] [songs-lib]: [33mDrum does not have platform assets![39m
2023-02-28 21:46:58 [[33mwarn[39m] [songs-lib]: [33mAllIWant does not have platform assets![39m
2023-02-28 21:46:58 [[33mwarn[39m] [songs-lib]: [33mChaseTheChance does not have platform assets![39m
2023-02-28 21:46:58 [[33mwarn[39m] [songs-lib]: [33mDrum does not have platform assets![39m
2023-02-28 21:47:17 [[33mwarn[39m] [songs-lib]: [33mAllIWant does not have platform assets![39m
2023-02-28 21:47:17 [[33mwarn[39m] [songs-lib]: [33mChaseTheChance does not have platform assets![39m
2023-02-28 21:47:17 [[33mwarn[39m] [songs-lib]: [33mDrum does not have platform assets![39m
2023-02-28 21:47:52 [[33mwarn[39m] [songs-lib]: [33mAllIWant does not have platform assets![39m
2023-02-28 21:47:52 [[33mwarn[39m] [songs-lib]: [33mChaseTheChance does not have platform assets![39m
2023-02-28 21:47:52 [[33mwarn[39m] [songs-lib]: [33mDrum does not have platform assets![39m
2023-02-28 21:49:10 [[33mwarn[39m] [songs-lib]: [33mAllIWant does not have platform assets![39m
2023-02-28 21:49:10 [[33mwarn[39m] [songs-lib]: [33mChaseTheChance does not have platform assets![39m
2023-02-28 21:49:10 [[33mwarn[39m] [songs-lib]: [33mDrum does not have platform assets![39m
2023-02-28 21:49:53 [[33mwarn[39m] [songs-lib]: [33mAllIWant does not have platform assets![39m
2023-02-28 21:49:53 [[33mwarn[39m] [songs-lib]: [33mChaseTheChance does not have platform assets![39m
2023-02-28 21:49:53 [[33mwarn[39m] [songs-lib]: [33mDrum does not have platform assets![39m
2023-02-28 21:50:45 [[33mwarn[39m] [songs-lib]: [33mAllIWant does not have platform assets![39m
2023-02-28 21:50:45 [[33mwarn[39m] [songs-lib]: [33mChaseTheChance does not have platform assets![39m
2023-02-28 21:50:45 [[33mwarn[39m] [songs-lib]: [33mDrum does not have platform assets![39m
2023-02-28 21:51:05 [[33mwarn[39m] [songs-lib]: [33mAllIWant does not have platform assets![39m
2023-02-28 21:51:05 [[33mwarn[39m] [songs-lib]: [33mChaseTheChance does not have platform assets![39m
2023-02-28 21:51:05 [[33mwarn[39m] [songs-lib]: [33mDrum does not have platform assets![39m
2023-02-28 22:01:27 [[33mwarn[39m] [songs-lib]: [33mAllIWant does not have platform assets![39m
2023-02-28 22:01:27 [[33mwarn[39m] [songs-lib]: [33mChaseTheChance does not have platform assets![39m
2023-02-28 22:01:27 [[33mwarn[39m] [songs-lib]: [33mDrum does not have platform assets![39m
2023-02-28 22:02:07 [[33mwarn[39m] [songs-lib]: [33mAllIWant does not have platform assets![39m
2023-02-28 22:02:07 [[33mwarn[39m] [songs-lib]: [33mChaseTheChance does not have platform assets![39m
2023-02-28 22:02:07 [[33mwarn[39m] [songs-lib]: [33mDrum does not have platform assets![39m
2023-02-28 22:04:32 [[33mwarn[39m] [songs-lib]: [33mAllIWant does not have platform assets![39m
2023-02-28 22:04:32 [[33mwarn[39m] [songs-lib]: [33mChaseTheChance does not have platform assets![39m
2023-02-28 22:04:32 [[33mwarn[39m] [songs-lib]: [33mDrum does not have platform assets![39m
2023-02-28 22:05:15 [[33mwarn[39m] [songs-lib]: [33mAllIWant does not have platform assets![39m
2023-02-28 22:05:15 [[33mwarn[39m] [songs-lib]: [33mChaseTheChance does not have platform assets![39m
2023-02-28 22:05:15 [[33mwarn[39m] [songs-lib]: [33mDrum does not have platform assets![39m
2023-02-28 22:09:33 [[33mwarn[39m] [songs-lib]: [33mAllIWant does not have platform assets![39m
2023-02-28 22:09:33 [[33mwarn[39m] [songs-lib]: [33mChaseTheChance does not have platform assets![39m
2023-02-28 22:09:33 [[33mwarn[39m] [songs-lib]: [33mDrum does not have platform assets![39m
2023-02-28 22:10:32 [[33mwarn[39m] [songs-lib]: [33mAllIWant does not have platform assets![39m
2023-02-28 22:10:32 [[33mwarn[39m] [songs-lib]: [33mChaseTheChance does not have platform assets![39m
2023-02-28 22:10:32 [[33mwarn[39m] [songs-lib]: [33mDrum does not have platform assets![39m
2023-02-28 22:12:11 [[33mwarn[39m] [songs-lib]: [33mAllIWant does not have platform assets![39m
2023-02-28 22:12:11 [[33mwarn[39m] [songs-lib]: [33mChaseTheChance does not have platform assets![39m
2023-02-28 22:12:11 [[33mwarn[39m] [songs-lib]: [33mDrum does not have platform assets![39m
2023-02-28 22:27:37 [[33mwarn[39m] [songs-lib]: [33mAllIWant does not have platform assets![39m
2023-02-28 22:27:37 [[33mwarn[39m] [songs-lib]: [33mChaseTheChance does not have platform assets![39m
2023-02-28 22:27:37 [[33mwarn[39m] [songs-lib]: [33mDrum does not have platform assets![39m
2023-02-28 22:29:16 [[33mwarn[39m] [songs-lib]: [33mAllIWant does not have platform assets![39m
2023-02-28 22:29:16 [[33mwarn[39m] [songs-lib]: [33mChaseTheChance does not have platform assets![39m
2023-02-28 22:29:16 [[33mwarn[39m] [songs-lib]: [33mDrum does not have platform assets![39m
2023-02-28 22:31:18 [[33mwarn[39m] [songs-lib]: [33mAllIWant does not have platform assets![39m
2023-02-28 22:31:18 [[33mwarn[39m] [songs-lib]: [33mChaseTheChance does not have platform assets![39m
2023-02-28 22:31:18 [[33mwarn[39m] [songs-lib]: [33mDrum does not have platform assets![39m
2023-02-28 22:34:27 [[33mwarn[39m] [songs-lib]: [33mAllIWant does not have platform assets![39m
2023-02-28 22:34:27 [[33mwarn[39m] [songs-lib]: [33mChaseTheChance does not have platform assets![39m
2023-02-28 22:34:27 [[33mwarn[39m] [songs-lib]: [33mDrum does not have platform assets![39m
2023-02-28 22:35:07 [[33mwarn[39m] [songs-lib]: [33mAllIWant does not have platform assets![39m
2023-02-28 22:35:07 [[33mwarn[39m] [songs-lib]: [33mChaseTheChance does not have platform assets![39m
2023-02-28 22:35:07 [[33mwarn[39m] [songs-lib]: [33mDrum does not have platform assets![39m
2023-02-28 22:35:34 [[33mwarn[39m] [songs-lib]: [33mAllIWant does not have platform assets![39m
2023-02-28 22:35:34 [[33mwarn[39m] [songs-lib]: [33mChaseTheChance does not have platform assets![39m
2023-02-28 22:35:34 [[33mwarn[39m] [songs-lib]: [33mDrum does not have platform assets![39m
2023-02-28 22:35:53 [[33mwarn[39m] [songs-lib]: [33mAllIWant does not have platform assets![39m
2023-02-28 22:35:53 [[33mwarn[39m] [songs-lib]: [33mChaseTheChance does not have platform assets![39m
2023-02-28 22:35:53 [[33mwarn[39m] [songs-lib]: [33mDrum does not have platform assets![39m
2023-02-28 22:39:17 [[33mwarn[39m] [songs-lib]: [33mAllIWant does not have platform assets![39m
2023-02-28 22:39:17 [[33mwarn[39m] [songs-lib]: [33mChaseTheChance does not have platform assets![39m
2023-02-28 22:39:17 [[33mwarn[39m] [songs-lib]: [33mDrum does not have platform assets![39m
2023-02-28 22:39:58 [[33mwarn[39m] [songs-lib]: [33mAllIWant does not have platform assets![39m
2023-02-28 22:39:58 [[33mwarn[39m] [songs-lib]: [33mChaseTheChance does not have platform assets![39m
2023-02-28 22:39:58 [[33mwarn[39m] [songs-lib]: [33mDrum does not have platform assets![39m
2023-02-28 22:40:36 [[33mwarn[39m] [songs-lib]: [33mAllIWant does not have platform assets![39m
2023-02-28 22:40:36 [[33mwarn[39m] [songs-lib]: [33mChaseTheChance does not have platform assets![39m
2023-02-28 22:40:36 [[33mwarn[39m] [songs-lib]: [33mDrum does not have platform assets![39m
2023-02-28 22:45:10 [[33mwarn[39m] [songs-lib]: [33mAllIWant does not have platform assets![39m
2023-02-28 22:45:10 [[33mwarn[39m] [songs-lib]: [33mChaseTheChance does not have platform assets![39m
2023-02-28 22:45:10 [[33mwarn[39m] [songs-lib]: [33mDrum does not have platform assets![39m
2023-03-01 10:06:44 [[33mwarn[39m] [songs-lib]: [33mAllIWant does not have platform assets![39m
2023-03-01 10:06:44 [[33mwarn[39m] [songs-lib]: [33mChaseTheChance does not have platform assets![39m
2023-03-01 10:06:44 [[33mwarn[39m] [songs-lib]: [33mDrum does not have platform assets![39m
2023-03-01 10:07:16 [[33mwarn[39m] [songs-lib]: [33mAllIWant does not have platform assets![39m
2023-03-01 10:07:16 [[33mwarn[39m] [songs-lib]: [33mChaseTheChance does not have platform assets![39m
2023-03-01 10:07:16 [[33mwarn[39m] [songs-lib]: [33mDrum does not have platform assets![39m
2023-03-01 17:29:38 [[33mwarn[39m] [songs-lib]: [33mAllIWant does not have platform assets![39m
2023-03-01 17:29:38 [[33mwarn[39m] [songs-lib]: [33mChaseTheChance does not have platform assets![39m
2023-03-01 17:29:38 [[33mwarn[39m] [songs-lib]: [33mDrum does not have platform assets![39m
2023-03-01 17:29:52 [[33mwarn[39m] [songs-lib]: [33mAllIWant does not have platform assets![39m
2023-03-01 17:29:52 [[33mwarn[39m] [songs-lib]: [33mChaseTheChance does not have platform assets![39m
2023-03-01 17:29:52 [[33mwarn[39m] [songs-lib]: [33mDrum does not have platform assets![39m
2023-03-01 17:31:25 [[33mwarn[39m] [songs-lib]: [33mAllIWant does not have platform assets![39m
2023-03-01 17:31:25 [[33mwarn[39m] [songs-lib]: [33mChaseTheChance does not have platform assets![39m
2023-03-01 17:31:25 [[33mwarn[39m] [songs-lib]: [33mDrum does not have platform assets![39m
2023-03-01 17:43:43 [[33mwarn[39m] [songs-lib]: [33mAllIWant does not have platform assets![39m
2023-03-01 17:43:43 [[33mwarn[39m] [songs-lib]: [33mChaseTheChance does not have platform assets![39m
2023-03-01 17:43:43 [[33mwarn[39m] [songs-lib]: [33mDrum does not have platform assets![39m
2023-03-01 18:02:12 [[33mwarn[39m] [songs-lib]: [33mAllIWant does not have platform assets![39m
2023-03-01 18:02:12 [[33mwarn[39m] [songs-lib]: [33mChaseTheChance does not have platform assets![39m
2023-03-01 18:02:12 [[33mwarn[39m] [songs-lib]: [33mDrum does not have platform assets![39m
2023-03-01 18:18:31 [[33mwarn[39m] [songs-lib]: [33mAllIWant does not have platform assets![39m
2023-03-01 18:18:31 [[33mwarn[39m] [songs-lib]: [33mChaseTheChance does not have platform assets![39m
2023-03-01 18:18:31 [[33mwarn[39m] [songs-lib]: [33mDrum does not have platform assets![39m
2023-03-01 18:23:09 [[33mwarn[39m] [songs-lib]: [33mAllIWant does not have platform assets![39m
2023-03-01 18:23:09 [[33mwarn[39m] [songs-lib]: [33mChaseTheChance does not have platform assets![39m
2023-03-01 18:23:09 [[33mwarn[39m] [songs-lib]: [33mDrum does not have platform assets![39m
2023-03-01 18:23:17 [[33mwarn[39m] [songs-lib]: [33mAllIWant does not have platform assets![39m
2023-03-01 18:23:17 [[33mwarn[39m] [songs-lib]: [33mChaseTheChance does not have platform assets![39m
2023-03-01 18:23:17 [[33mwarn[39m] [songs-lib]: [33mDrum does not have platform assets![39m
2023-03-01 18:23:18 [[33mwarn[39m] [songs-lib]: [33mAllIWant does not have platform assets![39m
2023-03-01 18:23:18 [[33mwarn[39m] [songs-lib]: [33mChaseTheChance does not have platform assets![39m
2023-03-01 18:23:18 [[33mwarn[39m] [songs-lib]: [33mDrum does not have platform assets![39m
2023-03-01 19:03:01 [[33mwarn[39m] [songs-lib]: [33mAllIWant does not have platform assets![39m
2023-03-01 19:03:01 [[33mwarn[39m] [songs-lib]: [33mChaseTheChance does not have platform assets![39m
2023-03-01 19:03:01 [[33mwarn[39m] [songs-lib]: [33mDrum does not have platform assets![39m
2023-03-01 19:08:20 [[33mwarn[39m] [songs-lib]: [33mAllIWant does not have platform assets![39m
2023-03-01 19:08:20 [[33mwarn[39m] [songs-lib]: [33mChaseTheChance does not have platform assets![39m
2023-03-01 19:08:20 [[33mwarn[39m] [songs-lib]: [33mDrum does not have platform assets![39m
2023-03-01 19:12:05 [[33mwarn[39m] [songs-lib]: [33mAllIWant does not have platform assets![39m
2023-03-01 19:12:05 [[33mwarn[39m] [songs-lib]: [33mChaseTheChance does not have platform assets![39m
2023-03-01 19:12:05 [[33mwarn[39m] [songs-lib]: [33mDrum does not have platform assets![39m
2023-03-01 19:36:32 [[33mwarn[39m] [songs-lib]: [33mAllIWant does not have platform assets![39m
2023-03-01 19:36:32 [[33mwarn[39m] [songs-lib]: [33mChaseTheChance does not have platform assets![39m
2023-03-01 19:36:32 [[33mwarn[39m] [songs-lib]: [33mDrum does not have platform assets![39m
2023-03-01 19:48:46 [[33mwarn[39m] [songs-lib]: [33mAllIWant does not have platform assets![39m
2023-03-01 19:48:46 [[33mwarn[39m] [songs-lib]: [33mChaseTheChance does not have platform assets![39m
2023-03-01 19:48:46 [[33mwarn[39m] [songs-lib]: [33mDrum does not have platform assets![39m
2023-03-01 19:53:18 [[33mwarn[39m] [songs-lib]: [33mAllIWant does not have platform assets![39m
2023-03-01 19:53:28 [[33mwarn[39m] [songs-lib]: [33mAllIWant does not have platform assets![39m
2023-03-01 19:53:28 [[33mwarn[39m] [songs-lib]: [33mChaseTheChance does not have platform assets![39m
2023-03-01 19:53:28 [[33mwarn[39m] [songs-lib]: [33mDrum does not have platform assets![39m
2023-03-01 19:57:25 [[33mwarn[39m] [songs-lib]: [33mAllIWant does not have platform assets![39m
2023-03-01 19:57:25 [[33mwarn[39m] [songs-lib]: [33mChaseTheChance does not have platform assets![39m
2023-03-01 19:57:25 [[33mwarn[39m] [songs-lib]: [33mDrum does not have platform assets![39m
2023-03-01 19:59:10 [[33mwarn[39m] [songs-lib]: [33mAllIWant does not have platform assets![39m
2023-03-01 19:59:10 [[33mwarn[39m] [songs-lib]: [33mChaseTheChance does not have platform assets![39m
2023-03-01 19:59:10 [[33mwarn[39m] [songs-lib]: [33mDrum does not have platform assets![39m
2023-03-01 20:12:45 [[33mwarn[39m] [songs-lib]: [33mAllIWant does not have platform assets![39m
2023-03-01 20:12:45 [[33mwarn[39m] [songs-lib]: [33mChaseTheChance does not have platform assets![39m
2023-03-01 20:12:45 [[33mwarn[39m] [songs-lib]: [33mDrum does not have platform assets![39m
2023-03-01 21:53:36 [[33mwarn[39m] [songs-lib]: [33mAllIWant does not have platform assets![39m
2023-03-01 21:53:36 [[33mwarn[39m] [songs-lib]: [33mChaseTheChance does not have platform assets![39m
2023-03-01 21:53:36 [[33mwarn[39m] [songs-lib]: [33mDrum does not have platform assets![39m
2023-03-01 22:11:15 [[33mwarn[39m] [songs-lib]: [33mAllIWant does not have platform assets![39m
2023-03-01 22:11:15 [[33mwarn[39m] [songs-lib]: [33mChaseTheChance does not have platform assets![39m
2023-03-01 22:11:15 [[33mwarn[39m] [songs-lib]: [33mDrum does not have platform assets![39m
2023-03-01 22:11:29 [[33mwarn[39m] [songs-lib]: [33mAllIWant does not have platform assets![39m
2023-03-01 22:11:29 [[33mwarn[39m] [songs-lib]: [33mChaseTheChance does not have platform assets![39m
2023-03-01 22:11:29 [[33mwarn[39m] [songs-lib]: [33mDrum does not have platform assets![39m
2023-03-01 22:11:43 [[33mwarn[39m] [songs-lib]: [33mAllIWant does not have platform assets![39m
2023-03-01 22:11:43 [[33mwarn[39m] [songs-lib]: [33mChaseTheChance does not have platform assets![39m
2023-03-01 22:11:43 [[33mwarn[39m] [songs-lib]: [33mDrum does not have platform assets![39m
2023-03-01 22:12:08 [[33mwarn[39m] [songs-lib]: [33mAllIWant does not have platform assets![39m
2023-03-01 22:12:08 [[33mwarn[39m] [songs-lib]: [33mChaseTheChance does not have platform assets![39m
2023-03-01 22:12:08 [[33mwarn[39m] [songs-lib]: [33mDrum does not have platform assets![39m
2023-03-01 22:13:16 [[33mwarn[39m] [songs-lib]: [33mAllIWant does not have platform assets![39m
2023-03-01 22:13:16 [[33mwarn[39m] [songs-lib]: [33mChaseTheChance does not have platform assets![39m
2023-03-01 22:13:16 [[33mwarn[39m] [songs-lib]: [33mDrum does not have platform assets![39m
2023-03-01 22:13:28 [[33mwarn[39m] [songs-lib]: [33mAllIWant does not have platform assets![39m
2023-03-01 22:13:28 [[33mwarn[39m] [songs-lib]: [33mChaseTheChance does not have platform assets![39m
2023-03-01 22:13:28 [[33mwarn[39m] [songs-lib]: [33mDrum does not have platform assets![39m
2023-03-01 22:14:44 [[33mwarn[39m] [songs-lib]: [33mAllIWant does not have platform assets![39m
2023-03-01 22:14:44 [[33mwarn[39m] [songs-lib]: [33mChaseTheChance does not have platform assets![39m
2023-03-01 22:14:44 [[33mwarn[39m] [songs-lib]: [33mDrum does not have platform assets![39m
2023-03-01 22:16:14 [[33mwarn[39m] [songs-lib]: [33mAllIWant does not have platform assets![39m
2023-03-01 22:16:14 [[33mwarn[39m] [songs-lib]: [33mChaseTheChance does not have platform assets![39m
2023-03-01 22:16:14 [[33mwarn[39m] [songs-lib]: [33mDrum does not have platform assets![39m
2023-03-01 22:16:40 [[33mwarn[39m] [songs-lib]: [33mAllIWant does not have platform assets![39m
2023-03-01 22:16:40 [[33mwarn[39m] [songs-lib]: [33mChaseTheChance does not have platform assets![39m
2023-03-01 22:16:40 [[33mwarn[39m] [songs-lib]: [33mDrum does not have platform assets![39m
2023-03-01 22:16:57 [[33mwarn[39m] [songs-lib]: [33mAllIWant does not have platform assets![39m
2023-03-01 22:16:58 [[33mwarn[39m] [songs-lib]: [33mChaseTheChance does not have platform assets![39m
2023-03-01 22:16:58 [[33mwarn[39m] [songs-lib]: [33mDrum does not have platform assets![39m
2023-03-01 22:18:07 [[33mwarn[39m] [songs-lib]: [33mAllIWant does not have platform assets![39m
2023-03-01 22:18:07 [[33mwarn[39m] [songs-lib]: [33mChaseTheChance does not have platform assets![39m
2023-03-01 22:18:07 [[33mwarn[39m] [songs-lib]: [33mDrum does not have platform assets![39m
2023-03-01 22:18:21 [[33mwarn[39m] [songs-lib]: [33mAllIWant does not have platform assets![39m
2023-03-01 22:18:21 [[33mwarn[39m] [songs-lib]: [33mChaseTheChance does not have platform assets![39m
2023-03-01 22:18:21 [[33mwarn[39m] [songs-lib]: [33mDrum does not have platform assets![39m
2023-03-01 22:19:06 [[33mwarn[39m] [songs-lib]: [33mAllIWant does not have platform assets![39m
2023-03-01 22:19:06 [[33mwarn[39m] [songs-lib]: [33mChaseTheChance does not have platform assets![39m
2023-03-01 22:19:06 [[33mwarn[39m] [songs-lib]: [33mDrum does not have platform assets![39m
2023-03-01 22:26:40 [[33mwarn[39m] [songs-lib]: [33mAllIWant does not have platform assets![39m
2023-03-01 22:26:40 [[33mwarn[39m] [songs-lib]: [33mChaseTheChance does not have platform assets![39m
2023-03-01 22:26:40 [[33mwarn[39m] [songs-lib]: [33mDrum does not have platform assets![39m
2023-03-01 22:27:35 [[33mwarn[39m] [songs-lib]: [33mAllIWant does not have platform assets![39m
2023-03-01 22:27:35 [[33mwarn[39m] [songs-lib]: [33mChaseTheChance does not have platform assets![39m
2023-03-01 22:27:35 [[33mwarn[39m] [songs-lib]: [33mDrum does not have platform assets![39m
2023-03-01 22:28:03 [[33mwarn[39m] [songs-lib]: [33mAllIWant does not have platform assets![39m
2023-03-01 22:28:03 [[33mwarn[39m] [songs-lib]: [33mChaseTheChance does not have platform assets![39m
2023-03-01 22:28:03 [[33mwarn[39m] [songs-lib]: [33mDrum does not have platform assets![39m
2023-03-01 22:30:25 [[33mwarn[39m] [songs-lib]: [33mAllIWant does not have platform assets![39m
2023-03-01 22:30:25 [[33mwarn[39m] [songs-lib]: [33mChaseTheChance does not have platform assets![39m
2023-03-01 22:30:25 [[33mwarn[39m] [songs-lib]: [33mDrum does not have platform assets![39m
2023-03-01 22:30:43 [[33mwarn[39m] [songs-lib]: [33mAllIWant does not have platform assets![39m
2023-03-01 22:30:43 [[33mwarn[39m] [songs-lib]: [33mChaseTheChance does not have platform assets![39m
2023-03-01 22:30:43 [[33mwarn[39m] [songs-lib]: [33mDrum does not have platform assets![39m
2023-03-01 22:32:42 [[33mwarn[39m] [songs-lib]: [33mAllIWant does not have platform assets![39m
2023-03-01 22:32:42 [[33mwarn[39m] [songs-lib]: [33mChaseTheChance does not have platform assets![39m
2023-03-01 22:32:42 [[33mwarn[39m] [songs-lib]: [33mDrum does not have platform assets![39m
2023-03-01 22:33:11 [[33mwarn[39m] [songs-lib]: [33mAllIWant does not have platform assets![39m
2023-03-01 22:33:11 [[33mwarn[39m] [songs-lib]: [33mChaseTheChance does not have platform assets![39m
2023-03-01 22:33:11 [[33mwarn[39m] [songs-lib]: [33mDrum does not have platform assets![39m
2023-03-01 22:35:12 [[33mwarn[39m] [songs-lib]: [33mAllIWant does not have platform assets![39m
2023-03-01 22:35:12 [[33mwarn[39m] [songs-lib]: [33mChaseTheChance does not have platform assets![39m
2023-03-01 22:35:12 [[33mwarn[39m] [songs-lib]: [33mDrum does not have platform assets![39m
2023-03-01 22:35:42 [[33mwarn[39m] [songs-lib]: [33mAllIWant does not have platform assets![39m
2023-03-01 22:35:42 [[33mwarn[39m] [songs-lib]: [33mChaseTheChance does not have platform assets![39m
2023-03-01 22:35:42 [[33mwarn[39m] [songs-lib]: [33mDrum does not have platform assets![39m
2023-03-01 22:36:19 [[33mwarn[39m] [songs-lib]: [33mAllIWant does not have platform assets![39m
2023-03-01 22:36:19 [[33mwarn[39m] [songs-lib]: [33mChaseTheChance does not have platform assets![39m
2023-03-01 22:36:19 [[33mwarn[39m] [songs-lib]: [33mDrum does not have platform assets![39m
2023-03-01 22:36:44 [[33mwarn[39m] [songs-lib]: [33mAllIWant does not have platform assets![39m
2023-03-01 22:36:44 [[33mwarn[39m] [songs-lib]: [33mChaseTheChance does not have platform assets![39m
2023-03-01 22:36:44 [[33mwarn[39m] [songs-lib]: [33mDrum does not have platform assets![39m
2023-03-01 22:38:57 [[33mwarn[39m] [songs-lib]: [33mAllIWant does not have platform assets![39m
2023-03-01 22:38:57 [[33mwarn[39m] [songs-lib]: [33mChaseTheChance does not have platform assets![39m
2023-03-01 22:38:57 [[33mwarn[39m] [songs-lib]: [33mDrum does not have platform assets![39m
2023-03-01 22:39:42 [[33mwarn[39m] [songs-lib]: [33mAllIWant does not have platform assets![39m
2023-03-01 22:39:42 [[33mwarn[39m] [songs-lib]: [33mChaseTheChance does not have platform assets![39m
2023-03-01 22:39:42 [[33mwarn[39m] [songs-lib]: [33mDrum does not have platform assets![39m
2023-03-01 22:40:43 [[33mwarn[39m] [songs-lib]: [33mAllIWant does not have platform assets![39m
2023-03-01 22:40:43 [[33mwarn[39m] [songs-lib]: [33mChaseTheChance does not have platform assets![39m
2023-03-01 22:40:43 [[33mwarn[39m] [songs-lib]: [33mDrum does not have platform assets![39m
2023-03-01 22:40:55 [[33mwarn[39m] [songs-lib]: [33mAllIWant does not have platform assets![39m
2023-03-01 22:40:55 [[33mwarn[39m] [songs-lib]: [33mChaseTheChance does not have platform assets![39m
2023-03-01 22:40:55 [[33mwarn[39m] [songs-lib]: [33mDrum does not have platform assets![39m
2023-03-01 22:42:31 [[33mwarn[39m] [songs-lib]: [33mAllIWant does not have platform assets![39m
2023-03-01 22:42:31 [[33mwarn[39m] [songs-lib]: [33mChaseTheChance does not have platform assets![39m
2023-03-01 22:42:31 [[33mwarn[39m] [songs-lib]: [33mDrum does not have platform assets![39m
2023-03-01 22:43:33 [[33mwarn[39m] [songs-lib]: [33mAllIWant does not have platform assets![39m
2023-03-01 22:43:33 [[33mwarn[39m] [songs-lib]: [33mChaseTheChance does not have platform assets![39m
2023-03-01 22:43:33 [[33mwarn[39m] [songs-lib]: [33mDrum does not have platform assets![39m
2023-03-01 22:45:01 [[33mwarn[39m] [songs-lib]: [33mAllIWant does not have platform assets![39m
2023-03-01 22:45:01 [[33mwarn[39m] [songs-lib]: [33mChaseTheChance does not have platform assets![39m
2023-03-01 22:45:01 [[33mwarn[39m] [songs-lib]: [33mDrum does not have platform assets![39m
2023-03-01 22:49:47 [[33mwarn[39m] [songs-lib]: [33mAllIWant does not have platform assets![39m
2023-03-01 22:49:47 [[33mwarn[39m] [songs-lib]: [33mChaseTheChance does not have platform assets![39m
2023-03-01 22:49:47 [[33mwarn[39m] [songs-lib]: [33mDrum does not have platform assets![39m
2023-03-01 22:50:25 [[33mwarn[39m] [songs-lib]: [33mAllIWant does not have platform assets![39m
2023-03-01 22:50:25 [[33mwarn[39m] [songs-lib]: [33mChaseTheChance does not have platform assets![39m
2023-03-01 22:50:25 [[33mwarn[39m] [songs-lib]: [33mDrum does not have platform assets![39m
2023-03-01 22:51:11 [[33mwarn[39m] [songs-lib]: [33mAllIWant does not have platform assets![39m
2023-03-01 22:51:11 [[33mwarn[39m] [songs-lib]: [33mChaseTheChance does not have platform assets![39m
2023-03-01 22:51:11 [[33mwarn[39m] [songs-lib]: [33mDrum does not have platform assets![39m
2023-03-01 22:52:57 [[33mwarn[39m] [songs-lib]: [33mAllIWant does not have platform assets![39m
2023-03-01 22:52:57 [[33mwarn[39m] [songs-lib]: [33mChaseTheChance does not have platform assets![39m
2023-03-01 22:52:57 [[33mwarn[39m] [songs-lib]: [33mDrum does not have platform assets![39m
2023-03-01 22:55:57 [[33mwarn[39m] [songs-lib]: [33mAllIWant does not have platform assets![39m
2023-03-01 22:55:57 [[33mwarn[39m] [songs-lib]: [33mChaseTheChance does not have platform assets![39m
2023-03-01 22:55:57 [[33mwarn[39m] [songs-lib]: [33mDrum does not have platform assets![39m
2023-03-01 22:56:57 [[33mwarn[39m] [songs-lib]: [33mAllIWant does not have platform assets![39m
2023-03-01 22:56:57 [[33mwarn[39m] [songs-lib]: [33mChaseTheChance does not have platform assets![39m
2023-03-01 22:56:57 [[33mwarn[39m] [songs-lib]: [33mDrum does not have platform assets![39m
2023-03-01 22:57:11 [[33mwarn[39m] [songs-lib]: [33mAllIWant does not have platform assets![39m
2023-03-01 22:57:11 [[33mwarn[39m] [songs-lib]: [33mChaseTheChance does not have platform assets![39m
2023-03-01 22:57:11 [[33mwarn[39m] [songs-lib]: [33mDrum does not have platform assets![39m
2023-03-01 22:58:35 [[33mwarn[39m] [songs-lib]: [33mAllIWant does not have platform assets![39m
2023-03-01 22:58:35 [[33mwarn[39m] [songs-lib]: [33mChaseTheChance does not have platform assets![39m
2023-03-01 22:58:35 [[33mwarn[39m] [songs-lib]: [33mDrum does not have platform assets![39m
2023-03-01 22:59:03 [[33mwarn[39m] [songs-lib]: [33mAllIWant does not have platform assets![39m
2023-03-01 22:59:03 [[33mwarn[39m] [songs-lib]: [33mChaseTheChance does not have platform assets![39m
2023-03-01 22:59:03 [[33mwarn[39m] [songs-lib]: [33mDrum does not have platform assets![39m
2023-03-01 22:59:09 [[33mwarn[39m] [songs-lib]: [33mAllIWant does not have platform assets![39m
2023-03-01 22:59:09 [[33mwarn[39m] [songs-lib]: [33mChaseTheChance does not have platform assets![39m
2023-03-01 22:59:09 [[33mwarn[39m] [songs-lib]: [33mDrum does not have platform assets![39m
2023-03-01 22:59:47 [[33mwarn[39m] [songs-lib]: [33mAllIWant does not have platform assets![39m
2023-03-01 22:59:47 [[33mwarn[39m] [songs-lib]: [33mChaseTheChance does not have platform assets![39m
2023-03-01 22:59:47 [[33mwarn[39m] [songs-lib]: [33mDrum does not have platform assets![39m
2023-03-01 23:00:06 [[33mwarn[39m] [songs-lib]: [33mAllIWant does not have platform assets![39m
2023-03-01 23:00:06 [[33mwarn[39m] [songs-lib]: [33mChaseTheChance does not have platform assets![39m
2023-03-01 23:00:06 [[33mwarn[39m] [songs-lib]: [33mDrum does not have platform assets![39m
2023-03-01 23:02:07 [[33mwarn[39m] [songs-lib]: [33mAllIWant does not have platform assets![39m
2023-03-01 23:02:07 [[33mwarn[39m] [songs-lib]: [33mChaseTheChance does not have platform assets![39m
2023-03-01 23:02:07 [[33mwarn[39m] [songs-lib]: [33mDrum does not have platform assets![39m
2023-03-01 23:02:08 [[33mwarn[39m] [songs-lib]: [33mAllIWant does not have platform assets![39m
2023-03-01 23:02:08 [[33mwarn[39m] [songs-lib]: [33mChaseTheChance does not have platform assets![39m
2023-03-01 23:02:08 [[33mwarn[39m] [songs-lib]: [33mDrum does not have platform assets![39m
2023-03-01 23:02:49 [[33mwarn[39m] [songs-lib]: [33mAllIWant does not have platform assets![39m
2023-03-01 23:02:49 [[33mwarn[39m] [songs-lib]: [33mChaseTheChance does not have platform assets![39m
2023-03-01 23:02:49 [[33mwarn[39m] [songs-lib]: [33mDrum does not have platform assets![39m
2023-03-01 23:03:00 [[33mwarn[39m] [songs-lib]: [33mAllIWant does not have platform assets![39m
2023-03-01 23:03:00 [[33mwarn[39m] [songs-lib]: [33mChaseTheChance does not have platform assets![39m
2023-03-01 23:03:00 [[33mwarn[39m] [songs-lib]: [33mDrum does not have platform assets![39m
2023-03-02 08:32:52 [[33mwarn[39m] [songs-lib]: [33mAllIWant does not have platform assets![39m
2023-03-02 08:32:52 [[33mwarn[39m] [songs-lib]: [33mChaseTheChance does not have platform assets![39m
2023-03-02 08:32:52 [[33mwarn[39m] [songs-lib]: [33mDrum does not have platform assets![39m
2023-03-02 08:33:10 [[33mwarn[39m] [songs-lib]: [33mAllIWant does not have platform assets![39m
2023-03-02 08:33:10 [[33mwarn[39m] [songs-lib]: [33mChaseTheChance does not have platform assets![39m
2023-03-02 08:33:10 [[33mwarn[39m] [songs-lib]: [33mDrum does not have platform assets![39m
2023-03-02 08:33:32 [[33mwarn[39m] [songs-lib]: [33mAllIWant does not have platform assets![39m
2023-03-02 08:33:32 [[33mwarn[39m] [songs-lib]: [33mChaseTheChance does not have platform assets![39m
2023-03-02 08:33:32 [[33mwarn[39m] [songs-lib]: [33mDrum does not have platform assets![39m
2023-03-02 08:38:57 [[33mwarn[39m] [songs-lib]: [33mAllIWant does not have platform assets![39m
2023-03-02 08:38:57 [[33mwarn[39m] [songs-lib]: [33mChaseTheChance does not have platform assets![39m
2023-03-02 08:38:57 [[33mwarn[39m] [songs-lib]: [33mDrum does not have platform assets![39m
2023-03-02 08:40:22 [[33mwarn[39m] [songs-lib]: [33mAllIWant does not have platform assets![39m
2023-03-02 08:40:22 [[33mwarn[39m] [songs-lib]: [33mChaseTheChance does not have platform assets![39m
2023-03-02 08:40:22 [[33mwarn[39m] [songs-lib]: [33mDrum does not have platform assets![39m
2023-03-02 08:41:35 [[33mwarn[39m] [songs-lib]: [33mAllIWant does not have platform assets![39m
2023-03-02 08:41:35 [[33mwarn[39m] [songs-lib]: [33mChaseTheChance does not have platform assets![39m
2023-03-02 08:41:35 [[33mwarn[39m] [songs-lib]: [33mDrum does not have platform assets![39m
2023-03-02 18:03:31 [[33mwarn[39m] [songs-lib]: [33mAllIWant does not have platform assets![39m
2023-03-02 18:03:31 [[33mwarn[39m] [songs-lib]: [33mChaseTheChance does not have platform assets![39m
2023-03-02 18:03:31 [[33mwarn[39m] [songs-lib]: [33mDrum does not have platform assets![39m
2023-03-02 18:04:33 [[33mwarn[39m] [songs-lib]: [33mAllIWant does not have platform assets![39m
2023-03-02 18:04:33 [[33mwarn[39m] [songs-lib]: [33mChaseTheChance does not have platform assets![39m
2023-03-02 18:04:33 [[33mwarn[39m] [songs-lib]: [33mDrum does not have platform assets![39m
2023-03-02 18:05:21 [[33mwarn[39m] [songs-lib]: [33mAllIWant does not have platform assets![39m
2023-03-02 18:05:21 [[33mwarn[39m] [songs-lib]: [33mChaseTheChance does not have platform assets![39m
2023-03-02 18:05:21 [[33mwarn[39m] [songs-lib]: [33mDrum does not have platform assets![39m
